20:13:57 **** Incremental Build of configuration Release for project HouseLivingRoom ****
"C:\\WORK\\ARDUINO\\Eclipse\\win64.2016-03-07_15-24-47\\arduinoPlugin\\tools\\make\\make" all 
'Building target: HouseLivingRoom'
'Printing size:'
"C:\WORK\ARDUINO\Eclipse\win64.2016-03-07_15-24-47\arduinoPlugin\tools\arduino\avr-gcc\4.8.1-arduino5/bin/avr-size" -A "C:/SHARE/ARDUINO/PROGRAMMING/ARDUINO/house/HouseLivingRoom/Release/HouseLivingRoom.elf"
C:/SHARE/ARDUINO/PROGRAMMING/ARDUINO/house/HouseLivingRoom/Release/HouseLivingRoom.elf  :
section            size      addr
.data               918   8389120
.text             24786         0
.bss               3304   8390038
.comment             17         0
.debug_aranges     5000         0
.debug_info      214234         0
.debug_abbrev     36018         0
.debug_line       41797         0
.debug_frame      17544         0
.debug_str        34192         0
.debug_loc        92055         0
.debug_ranges      5664         0
Total            475529


'Finished building target: HouseLivingRoom'
' '

20:13:59 Build Finished (took 1s.875ms)

